<?xml version="1.0" encoding="UTF-8"?>
<testng-results ignored="0" total="1" passed="1" failed="0" skipped="0">
  <reporter-output>
  </reporter-output>
  <suite started-at="2024-04-28T11:17:41 IST" name="Default suite" finished-at="2024-04-28T11:17:49 IST" duration-ms="8197">
    <groups>
    </groups>
    <test started-at="2024-04-28T11:17:41 IST" name="Default test" finished-at="2024-04-28T11:17:49 IST" duration-ms="8197">
      <class name="launch.launchBrowser">
        <test-method signature="launch()[pri:0, instance:launch.launchBrowser@31368b99]" started-at="2024-04-28T11:17:41 IST" name="launch" finished-at="2024-04-28T11:17:49 IST" duration-ms="8143" status="PASS">
          <reporter-output>
          </reporter-output>
        </test-method> <!-- launch -->
      </class> <!-- launch.launchBrowser -->
    </test> <!-- Default test -->
  </suite> <!-- Default suite -->
</testng-results>
